[2017-09-12 09:11:49]========getSession ok！=======
[2017-09-12 09:11:50]========openChannel ok！=======
[2017-09-12 09:11:50]========connect ok！=======
[2017-09-12 09:11:50]=======sftp 文件下载成功！=======
[2017-09-12 09:12:04]FTP地址:[10.0.0.2]，FTP端口:[21]
[2017-09-12 09:12:04]FTP登录名:[zftp]，FTP登录密码:[123456]
[2017-09-12 09:12:25]=======FTP连接异常[Socket异常]！=======
java.net.ConnectException: Connection timed out: connect
	at java.net.DualStackPlainSocketImpl.connect0(Native Method)
	at java.net.DualStackPlainSocketImpl.socketConnect(DualStackPlainSocketImpl.java:79)
	at java.net.AbstractPlainSocketImpl.doConnect(AbstractPlainSocketImpl.java:350)
	at java.net.AbstractPlainSocketImpl.connectToAddress(AbstractPlainSocketImpl.java:206)
	at java.net.AbstractPlainSocketImpl.connect(AbstractPlainSocketImpl.java:188)
	at java.net.PlainSocketImpl.connect(PlainSocketImpl.java:172)
	at java.net.SocksSocketImpl.connect(SocksSocketImpl.java:392)
	at java.net.Socket.connect(Socket.java:589)
	at org.apache.commons.net.SocketClient.connect(SocketClient.java:188)
	at org.apache.commons.net.SocketClient.connect(SocketClient.java:209)
	at com.yf.zx.core.util.ftp.FtpUtils.getFtpClient(FtpUtils.java:69)
	at com.yf.zx.core.util.ftp.FtpUtils.uploadFile(FtpUtils.java:224)
	at com.yf.zx.core.util.ftp.FtpUtils.main(FtpUtils.java:336)
[2017-09-12 09:12:25]=======FTP客户端获取失败！=======
[2017-09-12 09:13:29]FTP地址:[10.0.0.2]，FTP端口:[21]
[2017-09-12 09:13:29]FTP登录名:[zftp]，FTP登录密码:[123456]
[2017-09-12 09:13:29]=======FTP连接成功！=======
[2017-09-12 09:13:29]=======FTP登录成功!=======
[2017-09-12 09:13:29]replyCode:200
[2017-09-12 09:13:29]FTP当前目录[/]
[2017-09-12 09:13:29]=======成功创建目录[//cdn_home/1/99]！=======
[2017-09-12 09:13:29]切换到跟目录[true]
[2017-09-12 09:13:29]=======上传成功!=======
[2017-09-12 09:13:29]=======FTP断连成功！=======
[2017-09-12 09:14:17]FTP地址:[10.0.0.2]，FTP端口:[21]
[2017-09-12 09:14:17]FTP登录名:[zftp]，FTP登录密码:[123456]
[2017-09-12 09:14:17]=======FTP连接成功！=======
[2017-09-12 09:14:17]=======FTP登录成功!=======
[2017-09-12 09:14:17]replyCode:200
[2017-09-12 09:14:17]FTP当前目录[/]
[2017-09-12 09:14:17]=======上传成功!=======
[2017-09-12 09:14:17]=======FTP断连成功！=======
[2017-09-12 09:15:03]FTP地址:[10.0.0.2]，FTP端口:[21]
[2017-09-12 09:15:03]FTP登录名:[zftp]，FTP登录密码:[123456]
[2017-09-12 09:15:03]=======FTP连接成功！=======
[2017-09-12 09:15:03]=======FTP登录成功!=======
[2017-09-12 09:15:03]replyCode:200
[2017-09-12 09:15:03]FTP当前目录[/]
[2017-09-12 09:15:03]=======上传成功!=======
[2017-09-12 09:15:03]=======FTP断连成功！=======
[2017-09-12 09:15:15]FTP地址:[10.0.0.2]，FTP端口:[21]
[2017-09-12 09:15:15]FTP登录名:[zftp]，FTP登录密码:[123456]
[2017-09-12 09:15:15]=======FTP连接成功！=======
[2017-09-12 09:15:15]=======FTP登录成功!=======
[2017-09-12 09:15:15]replyCode:200
[2017-09-12 09:15:15]FTP当前目录[/]
[2017-09-12 09:15:15]=======上传成功!=======
[2017-09-12 09:15:15]=======FTP断连成功！=======
[2017-09-12 09:15:41]FTP地址:[10.0.0.2]，FTP端口:[21]
[2017-09-12 09:15:41]FTP登录名:[zftp]，FTP登录密码:[123456]
[2017-09-12 09:15:42]=======FTP连接成功！=======
[2017-09-12 09:15:42]=======FTP登录成功!=======
[2017-09-12 09:15:42]replyCode:200
[2017-09-12 09:15:42]FTP当前目录[/]
[2017-09-12 09:15:42]=======上传成功!=======
[2017-09-12 09:15:42]=======FTP断连成功！=======
[2017-09-12 09:17:28]FTP地址:[10.0.0.2]，FTP端口:[21]
[2017-09-12 09:17:28]FTP登录名:[zftp]，FTP登录密码:[123456]
[2017-09-12 09:17:28]=======FTP连接成功！=======
[2017-09-12 09:17:28]=======FTP登录成功!=======
[2017-09-12 09:17:28]replyCode:200
[2017-09-12 09:17:28]FTP当前目录[/]
[2017-09-12 09:17:34]=======上传成功!=======
[2017-09-12 09:17:36]=======FTP断连成功！=======
[2017-09-12 09:17:39]FTP地址:[10.0.0.2]，FTP端口:[21]
[2017-09-12 09:17:39]FTP登录名:[zftp]，FTP登录密码:[123456]
[2017-09-12 09:17:39]=======FTP连接成功！=======
[2017-09-12 09:17:39]=======FTP登录成功!=======
[2017-09-12 09:17:39]replyCode:200
[2017-09-12 09:17:39]FTP当前目录[/]
[2017-09-12 09:17:39]=======上传成功!=======
[2017-09-12 09:17:39]=======FTP断连成功！=======
[2017-09-12 09:17:40]FTP地址:[10.0.0.2]，FTP端口:[21]
[2017-09-12 09:17:40]FTP登录名:[zftp]，FTP登录密码:[123456]
[2017-09-12 09:17:40]=======FTP连接成功！=======
[2017-09-12 09:17:40]=======FTP登录成功!=======
[2017-09-12 09:17:40]replyCode:200
[2017-09-12 09:17:40]FTP当前目录[/]
[2017-09-12 09:17:40]=======上传成功!=======
[2017-09-12 09:17:40]=======FTP断连成功！=======
[2017-09-12 09:17:41]FTP地址:[10.0.0.2]，FTP端口:[21]
[2017-09-12 09:17:41]FTP登录名:[zftp]，FTP登录密码:[123456]
[2017-09-12 09:17:41]=======FTP连接成功！=======
[2017-09-12 09:17:41]=======FTP登录成功!=======
[2017-09-12 09:17:41]replyCode:200
[2017-09-12 09:17:41]FTP当前目录[/]
[2017-09-12 09:17:41]=======上传成功!=======
[2017-09-12 09:17:41]=======FTP断连成功！=======
[2017-09-12 09:17:42]FTP地址:[10.0.0.2]，FTP端口:[21]
[2017-09-12 09:17:42]FTP登录名:[zftp]，FTP登录密码:[123456]
[2017-09-12 09:17:42]=======FTP连接成功！=======
[2017-09-12 09:17:42]=======FTP登录成功!=======
[2017-09-12 09:17:42]replyCode:200
[2017-09-12 09:17:42]FTP当前目录[/]
[2017-09-12 09:17:42]=======上传成功!=======
[2017-09-12 09:17:42]=======FTP断连成功！=======
[2017-09-12 09:19:16]FTP地址:[10.0.0.2]，FTP端口:[21]
[2017-09-12 09:19:16]FTP登录名:[zftp]，FTP登录密码:[123456]
[2017-09-12 09:19:16]=======FTP连接成功！=======
[2017-09-12 09:19:16]=======FTP登录成功!=======
[2017-09-12 09:19:16]replyCode:200
[2017-09-12 09:19:16]=======上传成功!=======
[2017-09-12 09:19:39]replyCode:200
[2017-09-12 09:19:39]=======上传成功!=======
[2017-09-12 09:20:13]=======上传成功!=======
[2017-09-12 09:20:19]=======replyCode:200=======
[2017-09-12 09:20:19]=======上传成功!=======
[2017-09-12 09:20:31]=======上传成功!=======
[2017-09-12 09:22:00]=======上传成功!=======
[2017-09-12 09:22:14]FTP地址:[10.0.0.2]，FTP端口:[21]
[2017-09-12 09:22:14]FTP登录名:[zftp]，FTP登录密码:[123456]
[2017-09-12 09:22:14]=======FTP连接成功！=======
[2017-09-12 09:22:14]=======FTP登录成功!=======
[2017-09-12 09:22:14]=======replyCode:200=======
[2017-09-12 09:22:14]FTP当前目录[/]
[2017-09-12 09:22:14]=======上传成功!=======
[2017-09-12 09:22:14]=======FTP断连成功！=======
[2017-09-12 09:42:30]FTP地址:[10.0.0.2]，FTP端口:[21]
[2017-09-12 09:42:30]FTP登录名:[zftp]，FTP登录密码:[123456]
[2017-09-12 09:42:30]=======FTP连接成功！=======
[2017-09-12 09:42:30]=======FTP登录成功!=======
[2017-09-12 09:42:30]=======replyCode:200=======
[2017-09-12 09:42:30]FTP当前目录[/]
[2017-09-12 09:42:30]=======上传成功!=======
[2017-09-12 09:42:30]=======FTP断连成功！=======
[2017-09-12 09:42:37]=======上传内容不能为空！=======
[2017-09-12 09:43:49]=======上传内容不能为空！=======
[2017-09-12 09:43:53]=======上传内容不能为空！=======
[2017-09-12 09:44:40]FTP地址:[10.0.0.2]，FTP端口:[21]
[2017-09-12 09:44:40]FTP登录名:[zftp]，FTP登录密码:[123456]
[2017-09-12 09:44:40]=======FTP连接成功！=======
[2017-09-12 09:44:40]=======FTP登录成功!=======
[2017-09-12 09:44:40]=======replyCode:200=======
[2017-09-12 09:44:40]FTP当前目录[/]
[2017-09-12 09:44:40]=======上传成功!=======
[2017-09-12 09:44:40]=======FTP断连成功！=======
[2017-09-12 09:58:32]FTP地址:[10.0.0.2]，FTP端口:[21]
[2017-09-12 09:58:32]FTP登录名:[zftp]，FTP登录密码:[123456]
[2017-09-12 09:58:32]=======FTP连接成功！=======
[2017-09-12 09:58:32]=======FTP登录成功!=======
[2017-09-12 09:58:32]=======replyCode:200=======
[2017-09-12 09:58:32]FTP当前目录[/]
[2017-09-12 09:58:32]=======上传成功!=======
[2017-09-12 09:58:32]=======FTP断连成功！=======
[2017-09-12 09:58:42]FTP地址:[10.0.0.2]，FTP端口:[21]
[2017-09-12 09:58:42]FTP登录名:[zftp]，FTP登录密码:[123456]
[2017-09-12 09:58:42]=======FTP连接成功！=======
[2017-09-12 09:58:42]=======FTP登录成功!=======
[2017-09-12 09:58:42]=======replyCode:200=======
[2017-09-12 09:58:42]FTP当前目录[/]
[2017-09-12 09:58:42]=======上传成功!=======
[2017-09-12 09:58:42]=======FTP断连成功！=======
[2017-09-12 09:59:14]FTP地址:[10.0.0.2]，FTP端口:[21]
[2017-09-12 09:59:14]FTP登录名:[zftp]，FTP登录密码:[123456]
[2017-09-12 09:59:14]=======FTP连接成功！=======
[2017-09-12 09:59:14]=======FTP登录成功!=======
[2017-09-12 09:59:14]=======replyCode:200=======
[2017-09-12 09:59:14]FTP当前目录[/]
[2017-09-12 09:59:14]=======上传成功!=======
[2017-09-12 09:59:14]=======FTP断连成功！=======
[2017-09-12 10:04:14]FTP地址:[10.0.0.2]，FTP端口:[21]
[2017-09-12 10:04:14]FTP登录名:[zftp]，FTP登录密码:[123456]
[2017-09-12 10:04:14]=======FTP连接成功！=======
[2017-09-12 10:04:14]=======FTP登录成功!=======
[2017-09-12 10:04:14]=======replyCode:200=======
[2017-09-12 10:04:14]FTP当前目录[/]
[2017-09-12 10:04:14]=======上传成功!=======
[2017-09-12 10:04:14]=======FTP断连成功！=======
[2017-09-12 10:07:27]FTP地址:[10.0.0.2]，FTP端口:[21]
[2017-09-12 10:07:27]FTP登录名:[zftp]，FTP登录密码:[123456]
[2017-09-12 10:07:27]=======FTP连接成功！=======
[2017-09-12 10:07:28]=======FTP登录成功!=======
[2017-09-12 10:07:28]=======replyCode:200=======
[2017-09-12 10:07:28]FTP当前目录[/]
[2017-09-12 10:07:28]=======上传成功!=======
[2017-09-12 10:07:28]=======FTP断连成功！=======
[2017-09-12 10:08:30]FTP地址:[10.0.0.2]，FTP端口:[21]
[2017-09-12 10:08:30]FTP登录名:[zftp]，FTP登录密码:[123456]
[2017-09-12 10:08:30]=======FTP连接成功！=======
[2017-09-12 10:08:30]=======FTP登录成功!=======
[2017-09-12 10:08:30]=======replyCode:200=======
[2017-09-12 10:08:30]FTP当前目录[/]
[2017-09-12 10:08:31]=======FTP断连失败！=======
org.apache.commons.net.ftp.FTPConnectionClosedException: FTP response 421 received.  Server closed connection.
	at org.apache.commons.net.ftp.FTP.__getReply(FTP.java:368)
	at org.apache.commons.net.ftp.FTP.__getReply(FTP.java:292)
	at org.apache.commons.net.ftp.FTP.sendCommand(FTP.java:503)
	at org.apache.commons.net.ftp.FTP.sendCommand(FTP.java:628)
	at org.apache.commons.net.ftp.FTP.sendCommand(FTP.java:602)
	at org.apache.commons.net.ftp.FTP.quit(FTP.java:884)
	at org.apache.commons.net.ftp.FTPClient.logout(FTPClient.java:1152)
	at com.yf.zx.core.util.ftp.FtpUtils.disconnectFtp(FtpUtils.java:130)
	at com.yf.zx.core.util.ftp.FtpUtils.uploadFile(FtpUtils.java:289)
	at com.yf.zx.core.util.ftp.FtpUtils.main(FtpUtils.java:350)
[2017-09-12 10:08:31]=======FTP断连成功！=======
[2017-09-12 10:08:59]FTP地址:[10.0.0.2]，FTP端口:[21]
[2017-09-12 10:08:59]FTP登录名:[zftp]，FTP登录密码:[123456]
[2017-09-12 10:08:59]=======FTP连接成功！=======
[2017-09-12 10:08:59]=======FTP登录成功!=======
[2017-09-12 10:08:59]=======replyCode:200=======
[2017-09-12 10:08:59]FTP当前目录[/]
[2017-09-12 10:10:51]FTP地址:[10.0.0.2]，FTP端口:[21]
[2017-09-12 10:10:51]FTP登录名:[zftp]，FTP登录密码:[123456]
[2017-09-12 10:10:51]=======FTP连接成功！=======
[2017-09-12 10:10:51]=======FTP登录成功!=======
[2017-09-12 10:10:51]=======replyCode:200=======
[2017-09-12 10:10:51]FTP当前目录[/]
[2017-09-12 10:10:52]=======FTP断连失败！=======
org.apache.commons.net.ftp.FTPConnectionClosedException: FTP response 421 received.  Server closed connection.
	at org.apache.commons.net.ftp.FTP.__getReply(FTP.java:368)
	at org.apache.commons.net.ftp.FTP.__getReply(FTP.java:292)
	at org.apache.commons.net.ftp.FTP.sendCommand(FTP.java:503)
	at org.apache.commons.net.ftp.FTP.sendCommand(FTP.java:628)
	at org.apache.commons.net.ftp.FTP.sendCommand(FTP.java:602)
	at org.apache.commons.net.ftp.FTP.quit(FTP.java:884)
	at org.apache.commons.net.ftp.FTPClient.logout(FTPClient.java:1152)
	at com.yf.zx.core.util.ftp.FtpUtils.disconnectFtp(FtpUtils.java:130)
	at com.yf.zx.core.util.ftp.FtpUtils.uploadFile(FtpUtils.java:289)
	at com.yf.zx.core.util.ftp.FtpUtils.main(FtpUtils.java:350)
[2017-09-12 10:10:52]=======FTP断连成功！=======
[2017-09-12 10:15:17]FTP地址:[10.0.0.2]，FTP端口:[21]
[2017-09-12 10:15:17]FTP登录名:[zftp]，FTP登录密码:[123456]
[2017-09-12 10:15:17]=======FTP连接成功！=======
[2017-09-12 10:15:17]=======FTP登录成功!=======
[2017-09-12 10:15:17]=======replyCode:200=======
[2017-09-12 10:15:17]FTP当前目录[/]
[2017-09-12 10:15:18]=======FTP断连失败！=======
org.apache.commons.net.ftp.FTPConnectionClosedException: FTP response 421 received.  Server closed connection.
	at org.apache.commons.net.ftp.FTP.__getReply(FTP.java:368)
	at org.apache.commons.net.ftp.FTP.__getReply(FTP.java:292)
	at org.apache.commons.net.ftp.FTP.sendCommand(FTP.java:503)
	at org.apache.commons.net.ftp.FTP.sendCommand(FTP.java:628)
	at org.apache.commons.net.ftp.FTP.sendCommand(FTP.java:602)
	at org.apache.commons.net.ftp.FTP.quit(FTP.java:884)
	at org.apache.commons.net.ftp.FTPClient.logout(FTPClient.java:1152)
	at com.yf.zx.core.util.ftp.FtpUtils.disconnectFtp(FtpUtils.java:130)
	at com.yf.zx.core.util.ftp.FtpUtils.uploadFile(FtpUtils.java:289)
	at com.yf.zx.core.util.ftp.FtpUtils.main(FtpUtils.java:350)
[2017-09-12 10:15:18]=======FTP断连成功！=======
[2017-09-12 10:15:45]FTP地址:[10.0.0.2]，FTP端口:[21]
[2017-09-12 10:15:45]FTP登录名:[zftp]，FTP登录密码:[123456]
[2017-09-12 10:15:45]=======FTP连接成功！=======
[2017-09-12 10:15:45]=======FTP登录成功!=======
[2017-09-12 10:15:45]=======replyCode:200=======
[2017-09-12 10:15:45]FTP当前目录[/]
[2017-09-12 10:16:21]=======FTP断连失败！=======
org.apache.commons.net.ftp.FTPConnectionClosedException: FTP response 421 received.  Server closed connection.
	at org.apache.commons.net.ftp.FTP.__getReply(FTP.java:368)
	at org.apache.commons.net.ftp.FTP.__getReply(FTP.java:292)
	at org.apache.commons.net.ftp.FTP.sendCommand(FTP.java:503)
	at org.apache.commons.net.ftp.FTP.sendCommand(FTP.java:628)
	at org.apache.commons.net.ftp.FTP.sendCommand(FTP.java:602)
	at org.apache.commons.net.ftp.FTP.quit(FTP.java:884)
	at org.apache.commons.net.ftp.FTPClient.logout(FTPClient.java:1152)
	at com.yf.zx.core.util.ftp.FtpUtils.disconnectFtp(FtpUtils.java:130)
	at com.yf.zx.core.util.ftp.FtpUtils.uploadFile(FtpUtils.java:289)
	at com.yf.zx.core.util.ftp.FtpUtils.main(FtpUtils.java:350)
[2017-09-12 10:16:21]=======FTP断连成功！=======
[2017-09-12 10:17:36]FTP地址:[10.0.0.2]，FTP端口:[21]
[2017-09-12 10:17:36]FTP登录名:[zftp]，FTP登录密码:[123456]
[2017-09-12 10:17:36]=======FTP连接成功！=======
[2017-09-12 10:17:36]=======FTP登录成功!=======
[2017-09-12 10:17:36]=======replyCode:200=======
[2017-09-12 10:17:36]FTP当前目录[/]
[2017-09-12 10:17:36]=======上传成功!=======
[2017-09-12 10:17:36]=======FTP断连成功！=======
[2017-09-12 10:24:02]FTP地址:[10.0.0.2]，FTP端口:[21]
[2017-09-12 10:24:02]FTP登录名:[zftp]，FTP登录密码:[123456]
[2017-09-12 10:24:02]=======FTP连接成功！=======
[2017-09-12 10:24:02]=======FTP登录成功!=======
[2017-09-12 10:24:02]=======replyCode:200=======
[2017-09-12 10:24:02]远程文件个数:[2]
[2017-09-12 10:24:02]=======FTP断连成功！=======
[2017-09-12 10:24:02]FTP地址:[10.0.0.2]，FTP端口:[21]
[2017-09-12 10:24:02]FTP登录名:[zftp]，FTP登录密码:[123456]
[2017-09-12 10:24:02]=======FTP连接成功！=======
[2017-09-12 10:24:02]=======FTP登录成功!=======
[2017-09-12 10:24:02]=======replyCode:200=======
[2017-09-12 10:24:02]FTP当前目录[/]
[2017-09-12 10:32:55]=======上传成功!=======
[2017-09-12 10:32:55]=======FTP断连成功！=======
